<?xml version="1.0" encoding="UTF-8"?>
<testsuite xmlns:xsi="http://www.w3.org/2001/XMLSchema-instance" xsi:noNamespaceSchemaLocation="https://maven.apache.org/surefire/maven-surefire-plugin/xsd/surefire-test-report-3.0.xsd" version="3.0" name="Test" time="0.022" tests="13" errors="0" skipped="0" failures="0">
  <properties>
[...]
</properties>
  <testcase name="Test.test1_permutation()" classname="Test" time="0.0"/>
  <testcase name="Test.test2_permutation()" classname="Test" time="0.008"/>
  <testcase name="Test.test3_permutation()" classname="Test" time="0.001"/>
  <testcase name="Test.test4_permutation()" classname="Test" time="0.001"/>
  <testcase name="Test.test1_findOods()" classname="Test" time="0.001"/>
  <testcase name="Test.test2_findOods()" classname="Test" time="0.0"/>
  <testcase name="Test.test3_findOods()" classname="Test" time="0.0"/>
  <testcase name="Test.test4_findOods()" classname="Test" time="0.001"/>
  <testcase name="Test.test5_findOods()" classname="Test" time="0.0"/>
  <testcase name="Test.test1_countSmileys()" classname="Test" time="0.001"/>
  <testcase name="Test.test2_countSmileys()" classname="Test" time="0.001"/>
  <testcase name="Test.test3_countSmileys()" classname="Test" time="0.0"/>
  <testcase name="Test.test4_countSmileys()" classname="Test" time="0.0"/>
</testsuite>